<?xml version="1.0" encoding="UTF-8"?>
<!-- Generated by org.testng.reporters.JUnitReportReporter -->
<testsuite hostname="DESKTOP-6DKNH69" failures="0" tests="1" name="RunnerFB.FbRunner" time="16.274" errors="0" timestamp="2025-02-19T10:30:42 IST" skipped="0">
  <testcase classname="RunnerFB.FbRunner" name="runScenario" time="16.274"/>
  <system-out/>
</testsuite> <!-- RunnerFB.FbRunner -->
